Arguments: 
  E:\nodeJs\node.exe E:\nodeJs\npmall\node_global\node_modules\yarn\bin\yarn.js add ejs

PATH: 
  E:\nodejs\npmall\node_global\bin;F:\MongoDB\bin;"C:\Microsoft Visual Studio\VC98\Bin;E:\Android\adt-bundle-windows-x86_64-20140702\android-sdk-windows\platform-tools;E:\Android\adt-bundle-windows-x86_64-20140702\android-sdk-windows\tools";C:\Program Files (x86)\Lenovo\FusionEngine;C:\windows\system32;C:\windows;C:\windows\System32\Wbem;C:\windows\System32\WindowsPowerShell\v1.0\;C:\Program Files (x86)\ATI Technologies\ATI.ACE\Core-Static;C:\Program Files\Lenovo\Bluetooth Software\;C:\Program Files\Lenovo\Bluetooth Software\syswow64;C:\Program Files (x86)\Common Files\lenovo\easyplussdk\bin;C:\Program Files (x86)\Lenovo\Lenovo Home\;C:\Program Files (x86)\Microsoft SQL Server\100\Tools\Binn\;C:\Program Files\Microsoft SQL Server\100\Tools\Binn\;C:\Program Files\Microsoft SQL Server\100\DTS\Binn\;C:\Program Files (x86)\Microsoft SQL Server\100\Tools\Binn\VSShell\Common7\IDE\;C:\Program Files (x86)\Microsoft SQL Server\100\DTS\Binn\;C:\windows\System32\OpenSSH\;E:\SQL数据库\Microsoft SQL Server\110\DTS\Binn\;Al;iumDesigner\AD09\System;E:\Android\android-ndk-r10d;E:\SQL数据库\Microsoft SQL Server\130\Tools\Binn\;No;D:\git\Git\cmd;E:\nodeJs\npmall\node_global\;C:\Program Files\Java\jdk1.8.0_301\bin;C:\Program Files\Java\jdk1.8.0_301\jre\bin;C:\Users\lenovo\AppData\Local\Microsoft\WindowsApps;E:\VSCODE\Microsoft VS Code\bin;E:\nvm;E:\nodeJs;E:\nodeJs\npmall

Yarn version: 
  1.22.17

Node version: 
  14.16.0

Platform: 
  win32 x64

Trace: 
  Error: getaddrinfo ENOTFOUND registry.npm.taobao.org
      at GetAddrInfoReqWrap.onlookup [as oncomplete] (dns.js:67:26)

npm manifest: 
  {
    "dependencies": {
      "mongoose": "^6.1.0"
    }
  }

yarn manifest: 
  No manifest

Lockfile: 
  # THIS IS AN AUTOGENERATED FILE. DO NOT EDIT THIS FILE DIRECTLY.
  # yarn lockfile v1
  
  
  "@types/node@*":
    version "16.11.12"
    resolved "https://registry.npmmirror.com/@types/node/download/@types/node-16.11.12.tgz#ac7fb693ac587ee182c3780c26eb65546a1a3c10"
    integrity sha512-+2Iggwg7PxoO5Kyhvsq9VarmPbIelXP070HMImEpbtGCoyWNINQj4wzjbQCXzdHTRXnqufutJb5KAURZANNBAw==
  
  "@types/webidl-conversions@*":
    version "6.1.1"
    resolved "https://registry.npmmirror.com/@types/webidl-conversions/download/@types/webidl-conversions-6.1.1.tgz?cache=0&sync_timestamp=1637270443779&other_urls=https%3A%2F%2Fregistry.npmmirror.com%2F%40types%2Fwebidl-conversions%2Fdownload%2F%40types%2Fwebidl-conversions-6.1.1.tgz#e33bc8ea812a01f63f90481c666334844b12a09e"
    integrity sha1-4zvI6oEqAfY/kEgcZmM0hEsSoJ4=
  
  "@types/whatwg-url@^8.2.1":
    version "8.2.1"
    resolved "https://registry.npmmirror.com/@types/whatwg-url/download/@types/whatwg-url-8.2.1.tgz#f1aac222dab7c59e011663a0cb0a3117b2ef05d4"
    integrity sha1-8arCItq3xZ4BFmOgywoxF7LvBdQ=
    dependencies:
      "@types/node" "*"
      "@types/webidl-conversions" "*"
  
  base64-js@^1.3.1:
    version "1.5.1"
    resolved "https://registry.nlark.com/base64-js/download/base64-js-1.5.1.tgz#1b1b440160a5bf7ad40b650f095963481903930a"
    integrity sha1-GxtEAWClv3rUC2UPCVljSBkDkwo=
  
  bson@^4.2.2, bson@^4.6.0:
    version "4.6.0"
    resolved "https://registry.npmmirror.com/bson/download/bson-4.6.0.tgz#15c3b39ba3940c3d915a0c44d51459f4b4fbf1b2"
    integrity sha512-8jw1NU1hglS+Da1jDOUYuNcBJ4cNHCFIqzlwoFNnsTOg2R/ox0aTYcTiBN4dzRa9q7Cvy6XErh3L8ReTEb9AQQ==
    dependencies:
      buffer "^5.6.0"
  
  buffer@^5.6.0:
    version "5.7.1"
    resolved "https://registry.nlark.com/buffer/download/buffer-5.7.1.tgz#ba62e7c13133053582197160851a8f648e99eed0"
    integrity sha1-umLnwTEzBTWCGXFghRqPZI6Z7tA=
    dependencies:
      base64-js "^1.3.1"
      ieee754 "^1.1.13"
  
  debug@4.x:
    version "4.3.3"
    resolved "https://registry.npmmirror.com/debug/download/debug-4.3.3.tgz#04266e0b70a98d4462e6e288e38259213332b664"
    integrity sha512-/zxw5+vh1Tfv+4Qn7a5nsbcJKPaSvCDhojn6FEl9vupwK2VCSDtEiEtqr8DFtzYFOdz63LBkxec7DYuc2jon6Q==
    dependencies:
      ms "2.1.2"
  
  denque@^2.0.1:
    version "2.0.1"
    resolved "https://registry.nlark.com/denque/download/denque-2.0.1.tgz?cache=0&sync_timestamp=1630410004774&other_urls=https%3A%2F%2Fregistry.nlark.com%2Fdenque%2Fdownload%2Fdenque-2.0.1.tgz#bcef4c1b80dc32efe97515744f21a4229ab8934a"
    integrity sha1-vO9MG4DcMu/pdRV0TyGkIpq4k0o=
  
  ieee754@^1.1.13:
    version "1.2.1"
    resolved "https://registry.nlark.com/ieee754/download/ieee754-1.2.1.tgz#8eb7a10a63fff25d15a57b001586d177d1b0d352"
    integrity sha1-jrehCmP/8l0VpXsAFYbRd9Gw01I=
  
  kareem@2.3.2:
    version "2.3.2"
    resolved "https://registry.npm.taobao.org/kareem/download/kareem-2.3.2.tgz?cache=0&sync_timestamp=1607440549889&other_urls=https%3A%2F%2Fregistry.npm.taobao.org%2Fkareem%2Fdownload%2Fkareem-2.3.2.tgz#78c4508894985b8d38a0dc15e1a8e11078f2ca93"
    integrity sha1-eMRQiJSYW404oNwV4ajhEHjyypM=
  
  memory-pager@^1.0.2:
    version "1.5.0"
    resolved "https://registry.npm.taobao.org/memory-pager/download/memory-pager-1.5.0.tgz#d8751655d22d384682741c972f2c3d6dfa3e66b5"
    integrity sha1-2HUWVdItOEaCdByXLyw9bfo+ZrU=
  
  mongodb-connection-string-url@^2.2.0:
    version "2.2.0"
    resolved "https://registry.npmmirror.com/mongodb-connection-string-url/download/mongodb-connection-string-url-2.2.0.tgz?cache=0&sync_timestamp=1636991506727&other_urls=https%3A%2F%2Fregistry.npmmirror.com%2Fmongodb-connection-string-url%2Fdownload%2Fmongodb-connection-string-url-2.2.0.tgz#e2422bae91a953dc4ae5882e401301f5be39a227"
    integrity sha512-U0cDxLUrQrl7DZA828CA+o69EuWPWEJTwdMPozyd7cy/dbtncUZczMw7wRHcwMD7oKOn0NM2tF9jdf5FFVW9CA==
    dependencies:
      "@types/whatwg-url" "^8.2.1"
      whatwg-url "^11.0.0"
  
  mongodb@4.2.1:
    version "4.2.1"
    resolved "https://registry.npmmirror.com/mongodb/download/mongodb-4.2.1.tgz#c167db158ab0bf6552b3f9c91b396cb4100c2f04"
    integrity sha512-nDC+ulM/Ea3Q2VG5eemuGfB7T4ORwrtKegH2XW9OLlUBgQF6OTNrzFCS1Z3SJGVA+T0Sr1xBYV6DMnp0A7us0g==
    dependencies:
      bson "^4.6.0"
      denque "^2.0.1"
      mongodb-connection-string-url "^2.2.0"
    optionalDependencies:
      saslprep "^1.0.3"
  
  mongoose@^6.1.0:
    version "6.1.0"
    resolved "https://registry.npmmirror.com/mongoose/download/mongoose-6.1.0.tgz#958a2cdf126cf1af4bae576e9331e58bb03b434d"
    integrity sha512-w3lA9ua4nD0qnsl+p4ExnK7wf/+BBFAiv/V/ufiWbV5qe1GT/IUzvP7E9rhxlBpTKL81M501wrrUr3Nc1dvBxw==
    dependencies:
      bson "^4.2.2"
      kareem "2.3.2"
      mongodb "4.2.1"
      mpath "0.8.4"
      mquery "4.0.0"
      ms "2.1.2"
      regexp-clone "1.0.0"
      sift "13.5.2"
      sliced "1.0.1"
  
  mpath@0.8.4:
    version "0.8.4"
    resolved "https://registry.nlark.com/mpath/download/mpath-0.8.4.tgz#6b566d9581621d9e931dd3b142ed3618e7599313"
    integrity sha1-a1ZtlYFiHZ6THdOxQu02GOdZkxM=
  
  mquery@4.0.0:
    version "4.0.0"
    resolved "https://registry.nlark.com/mquery/download/mquery-4.0.0.tgz?cache=0&sync_timestamp=1629847498757&other_urls=https%3A%2F%2Fregistry.nlark.com%2Fmquery%2Fdownload%2Fmquery-4.0.0.tgz#6c62160ad25289e99e0840907757cdfd62bde775"
    integrity sha1-bGIWCtJSiemeCECQd1fN/WK953U=
    dependencies:
      debug "4.x"
      regexp-clone "^1.0.0"
      sliced "1.0.1"
  
  ms@2.1.2:
    version "2.1.2"
    resolved "https://registry.npmmirror.com/ms/download/ms-2.1.2.tgz#d09d1f357b443f493382a8eb3ccd183872ae6009"
    integrity sha1-0J0fNXtEP0kzgqjrPM0YOHKuYAk=
  
  punycode@^2.1.1:
    version "2.1.1"
    resolved "https://registry.nlark.com/punycode/download/punycode-2.1.1.tgz#b58b010ac40c22c5657616c8d2c2c02c7bf479ec"
    integrity sha1-tYsBCsQMIsVldhbI0sLALHv0eew=
  
  regexp-clone@1.0.0, regexp-clone@^1.0.0:
    version "1.0.0"
    resolved "https://registry.npm.taobao.org/regexp-clone/download/regexp-clone-1.0.0.tgz#222db967623277056260b992626354a04ce9bf63"
    integrity sha1-Ii25Z2IydwViYLmSYmNUoEzpv2M=
  
  saslprep@^1.0.3:
    version "1.0.3"
    resolved "https://registry.nlark.com/saslprep/download/saslprep-1.0.3.tgz#4c02f946b56cf54297e347ba1093e7acac4cf226"
    integrity sha1-TAL5RrVs9UKX40e6EJPnrKxM8iY=
    dependencies:
      sparse-bitfield "^3.0.3"
  
  sift@13.5.2:
    version "13.5.2"
    resolved "https://registry.npmmirror.com/sift/download/sift-13.5.2.tgz#24a715e13c617b086166cd04917d204a591c9da6"
    integrity sha1-JKcV4TxhewhhZs0EkX0gSlkcnaY=
  
  sliced@1.0.1:
    version "1.0.1"
    resolved "https://registry.npm.taobao.org/sliced/download/sliced-1.0.1.tgz#0b3a662b5d04c3177b1926bea82b03f837a2ef41"
    integrity sha1-CzpmK10Ewxd7GSa+qCsD+Dei70E=
  
  sparse-bitfield@^3.0.3:
    version "3.0.3"
    resolved "https://registry.npm.taobao.org/sparse-bitfield/download/sparse-bitfield-3.0.3.tgz#ff4ae6e68656056ba4b3e792ab3334d38273ca11"
    integrity sha1-/0rm5oZWBWuks+eSqzM004JzyhE=
    dependencies:
      memory-pager "^1.0.2"
  
  tr46@^3.0.0:
    version "3.0.0"
    resolved "https://registry.npmmirror.com/tr46/download/tr46-3.0.0.tgz?cache=0&sync_timestamp=1633302360065&other_urls=https%3A%2F%2Fregistry.npmmirror.com%2Ftr46%2Fdownload%2Ftr46-3.0.0.tgz#555c4e297a950617e8eeddef633c87d4d9d6cbf9"
    integrity sha1-VVxOKXqVBhfo7t3vYzyH1NnWy/k=
    dependencies:
      punycode "^2.1.1"
  
  webidl-conversions@^7.0.0:
    version "7.0.0"
    resolved "https://registry.nlark.com/webidl-conversions/download/webidl-conversions-7.0.0.tgz#256b4e1882be7debbf01d05f0aa2039778ea080a"
    integrity sha1-JWtOGIK+feu/AdBfCqIDl3jqCAo=
  
  whatwg-url@^11.0.0:
    version "11.0.0"
    resolved "https://registry.npmmirror.com/whatwg-url/download/whatwg-url-11.0.0.tgz#0a849eebb5faf2119b901bb76fd795c2848d4018"
    integrity sha1-CoSe67X68hGbkBu3b9eVwoSNQBg=
    dependencies:
      tr46 "^3.0.0"
      webidl-conversions "^7.0.0"
